[debug] [2021-09-20T14:27:26.248Z] ----------------------------------------------------------------------
[debug] [2021-09-20T14:27:26.249Z] Command:       /Users/dattran/.nvm/versions/node/v16.8.0/bin/node /Users/dattran/.nvm/versions/node/v16.8.0/bin/firebase deploy
[debug] [2021-09-20T14:27:26.249Z] CLI Version:   9.18.0
[debug] [2021-09-20T14:27:26.249Z] Platform:      darwin
[debug] [2021-09-20T14:27:26.249Z] Node Version:  v16.8.0
[debug] [2021-09-20T14:27:26.252Z] Time:          Mon Sep 20 2021 21:27:26 GMT+0700 (Indochina Time)
[debug] [2021-09-20T14:27:26.252Z] ----------------------------------------------------------------------
[debug] 
[debug] [2021-09-20T14:27:26.283Z] > command requires scopes: ["email","openid","https://www.googleapis.com/auth/cloudplatformprojects.readonly","https://www.googleapis.com/auth/firebase","https://www.googleapis.com/auth/cloud-platform"]
[debug] [2021-09-20T14:27:26.283Z] > authorizing via signed-in user (ninkatstudio@gmail.com)
[debug] [2021-09-20T14:27:26.283Z] [iam] checking project weather-forcast-vue for permissions ["firebase.projects.get","firebasehosting.sites.update"]
[debug] [2021-09-20T14:27:26.284Z] >>> HTTP REQUEST POST https://cloudresourcemanager.googleapis.com/v1/projects/weather-forcast-vue:testIamPermissions  
 {"permissions":["firebase.projects.get","firebasehosting.sites.update"]}
[debug] [2021-09-20T14:27:27.451Z] <<< HTTP RESPONSE 200 {"content-type":"application/json; charset=UTF-8","vary":"X-Origin, Referer, Origin,Accept-Encoding","date":"Mon, 20 Sep 2021 14:27:27 GMT","server":"ESF","cache-control":"private","x-xss-protection":"0","x-frame-options":"SAMEORIGIN","x-content-type-options":"nosniff","server-timing":"gfet4t7; dur=1003","alt-svc":"h3=\":443\"; ma=2592000,h3-29=\":443\"; ma=2592000,h3-T051=\":443\"; ma=2592000,h3-Q050=\":443\"; ma=2592000,h3-Q046=\":443\"; ma=2592000,h3-Q043=\":443\"; ma=2592000,quic=\":443\"; ma=2592000; v=\"46,43\"","accept-ranges":"none","transfer-encoding":"chunked"}
[debug] [2021-09-20T14:27:27.452Z] > refreshing access token with scopes: []
[debug] [2021-09-20T14:27:27.453Z] >>> HTTP REQUEST POST https://www.googleapis.com/oauth2/v3/token  
 <request body omitted>
[debug] [2021-09-20T14:27:27.565Z] <<< HTTP RESPONSE 200 {"expires":"Mon, 01 Jan 1990 00:00:00 GMT","cache-control":"no-cache, no-store, max-age=0, must-revalidate","pragma":"no-cache","date":"Mon, 20 Sep 2021 14:27:27 GMT","content-type":"application/json; charset=utf-8","vary":"X-Origin, Referer, Origin,Accept-Encoding","server":"scaffolding on HTTPServer2","x-xss-protection":"0","x-frame-options":"SAMEORIGIN","x-content-type-options":"nosniff","alt-svc":"h3=\":443\"; ma=2592000,h3-29=\":443\"; ma=2592000,h3-T051=\":443\"; ma=2592000,h3-Q050=\":443\"; ma=2592000,h3-Q046=\":443\"; ma=2592000,h3-Q043=\":443\"; ma=2592000,quic=\":443\"; ma=2592000; v=\"46,43\"","accept-ranges":"none","transfer-encoding":"chunked"}
[debug] [2021-09-20T14:27:27.609Z] >>> [apiv2][query] GET https://firebase.googleapis.com/v1beta1/projects/weather-forcast-vue [none]
[debug] [2021-09-20T14:27:27.994Z] <<< [apiv2][status] GET https://firebase.googleapis.com/v1beta1/projects/weather-forcast-vue 200
[debug] [2021-09-20T14:27:27.994Z] <<< [apiv2][body] GET https://firebase.googleapis.com/v1beta1/projects/weather-forcast-vue {"projectId":"weather-forcast-vue","projectNumber":"1062306257079","displayName":"weather-forcast-vue","name":"projects/weather-forcast-vue","resources":{"hostingSite":"weather-forcast-vue"},"state":"ACTIVE"}
[info] 
[info] === Deploying to 'weather-forcast-vue'...
[info] 
[info] i  deploying hosting 
[debug] [2021-09-20T14:27:27.998Z] > refreshing access token with scopes: ["email","https://www.googleapis.com/auth/cloud-platform","https://www.googleapis.com/auth/cloudplatformprojects.readonly","https://www.googleapis.com/auth/firebase","openid"]
[debug] [2021-09-20T14:27:27.998Z] >>> HTTP REQUEST POST https://www.googleapis.com/oauth2/v3/token  
 <request body omitted>
[debug] [2021-09-20T14:27:28.123Z] <<< HTTP RESPONSE 200 {"date":"Mon, 20 Sep 2021 14:27:28 GMT","pragma":"no-cache","cache-control":"no-cache, no-store, max-age=0, must-revalidate","expires":"Mon, 01 Jan 1990 00:00:00 GMT","content-type":"application/json; charset=utf-8","vary":"X-Origin, Referer, Origin,Accept-Encoding","server":"scaffolding on HTTPServer2","x-xss-protection":"0","x-frame-options":"SAMEORIGIN","x-content-type-options":"nosniff","alt-svc":"h3=\":443\"; ma=2592000,h3-29=\":443\"; ma=2592000,h3-T051=\":443\"; ma=2592000,h3-Q050=\":443\"; ma=2592000,h3-Q046=\":443\"; ma=2592000,h3-Q043=\":443\"; ma=2592000,quic=\":443\"; ma=2592000; v=\"46,43\"","accept-ranges":"none","transfer-encoding":"chunked"}
[debug] [2021-09-20T14:27:28.166Z] >>> HTTP REQUEST POST https://firebasehosting.googleapis.com/v1beta1/sites/weather-forcast-vue/versions  
 {"config":{"rewrites":[{"glob":"**","path":"/index.html"}]},"labels":{"deployment-tool":"cli-firebase"}}
[debug] [2021-09-20T14:27:29.824Z] <<< HTTP RESPONSE 200 {"content-type":"application/json; charset=UTF-8","vary":"X-Origin, Referer, Origin,Accept-Encoding","date":"Mon, 20 Sep 2021 14:27:29 GMT","server":"ESF","cache-control":"private","x-xss-protection":"0","x-frame-options":"SAMEORIGIN","x-content-type-options":"nosniff","alt-svc":"h3=\":443\"; ma=2592000,h3-29=\":443\"; ma=2592000,h3-T051=\":443\"; ma=2592000,h3-Q050=\":443\"; ma=2592000,h3-Q046=\":443\"; ma=2592000,h3-Q043=\":443\"; ma=2592000,quic=\":443\"; ma=2592000; v=\"46,43\"","accept-ranges":"none","transfer-encoding":"chunked"}
[info] i  hosting[weather-forcast-vue]: beginning deploy... 
[info] i  hosting[weather-forcast-vue]: found 65 files in dist 
[debug] [2021-09-20T14:27:30.743Z] > refreshing access token with scopes: []
[debug] [2021-09-20T14:27:30.743Z] >>> HTTP REQUEST POST https://www.googleapis.com/oauth2/v3/token  
 <request body omitted>
[debug] [2021-09-20T14:27:30.744Z] [hosting] hash cache [ZGlzdA] stored for 65 files
[debug] [2021-09-20T14:27:30.744Z] [hosting][hash queue][FINAL] {"max":881,"min":10,"avg":33.56923076923077,"active":0,"complete":65,"success":65,"errored":0,"retried":0,"total":65,"elapsed":900}
[debug] [2021-09-20T14:27:30.852Z] <<< HTTP RESPONSE 200 {"pragma":"no-cache","date":"Mon, 20 Sep 2021 14:27:30 GMT","expires":"Mon, 01 Jan 1990 00:00:00 GMT","cache-control":"no-cache, no-store, max-age=0, must-revalidate","content-type":"application/json; charset=utf-8","vary":"X-Origin, Referer, Origin,Accept-Encoding","server":"scaffolding on HTTPServer2","x-xss-protection":"0","x-frame-options":"SAMEORIGIN","x-content-type-options":"nosniff","alt-svc":"h3=\":443\"; ma=2592000,h3-29=\":443\"; ma=2592000,h3-T051=\":443\"; ma=2592000,h3-Q050=\":443\"; ma=2592000,h3-Q046=\":443\"; ma=2592000,h3-Q043=\":443\"; ma=2592000,quic=\":443\"; ma=2592000; v=\"46,43\"","accept-ranges":"none","transfer-encoding":"chunked"}
[debug] [2021-09-20T14:27:30.892Z] >>> [apiv2][query] POST https://firebasehosting.googleapis.com/v1beta1/sites/weather-forcast-vue/versions/9cb144271aaf2e53:populateFiles [none]
[debug] [2021-09-20T14:27:30.892Z] >>> [apiv2][body] POST https://firebasehosting.googleapis.com/v1beta1/sites/weather-forcast-vue/versions/9cb144271aaf2e53:populateFiles {"files":{"/index.html":"605f98ceb91301e659fff62091f9418ba998edc7c66743c6c14c22a65d0de675","/img/01d.fcceba88.svg":"4b231fe88a98b9e4463158590281aa3b6434bbca365ecbfae1e3e4242f825df7","/css/app.e6f6b433.css":"b2c2619cb1340795dc0562ad5d9ea94c3422b7acc15bddc74573049b6d8a61b1","/img/01n.b73fdd27.svg":"3911ad5104658671a07ae73c54a5344a745dc9b9ea562dc5e40a799423086cb2","/img/01d.f59c3c64.png":"809c7db89ea32d9b36a268be807662a3e9467e5462107e9bfb92e3704d9c7a95","/img/02d.3148521a.svg":"d3c19ea03176006826ba518b2a464e4e3a2a71125b76ae1b17b04636951e25b1","/img/01n.1472f0ed.png":"eeaaf52a16415b5936dfc63faaa18686963d96d3cdfbb08f7597ad725b39fb73","/img/02n.c158b73e.svg":"70d680fae55addf50e31e7b65f4c6665f335e2e4148e664295f3f276ad72beff","/img/03d.52383de5.svg":"37c145a667397cfa084053d22815d361854772bd07938aa73ff0b99bd69511c5","/img/03n.52383de5.svg":"37c145a667397cfa084053d22815d361854772bd07938aa73ff0b99bd69511c5","/img/02d.e13f6a4c.png":"7130cc1918022dd8907fb4e4af82405abb92927096ba5244013c53cedf72ba4a","/img/02n.5eaffb9b.png":"4ef2139ccf60b62f92e22ccaf327ee573825e6962b42f0a049f169bc06542df9","/img/04n.2bd007c6.png":"4d762ead5b3116751a090ad65d6f14770ce4df7e6753d809776bba697f9d4d33","/img/03d.55b9a561.png":"42769f1b277370824d9c5964dfc404d5a4e99c4afc4a9e9b2071257f377c1cd9","/img/04d.f8801921.svg":"ee9b27c1d899e635d6fefc735c7127073cd846a98317795bf878d4de5b2417b9","/img/04n.f8801921.svg":"ee9b27c1d899e635d6fefc735c7127073cd846a98317795bf878d4de5b2417b9","/img/03n.55b9a561.png":"42769f1b277370824d9c5964dfc404d5a4e99c4afc4a9e9b2071257f377c1cd9","/img/04d.2bd007c6.png":"4d762ead5b3116751a090ad65d6f14770ce4df7e6753d809776bba697f9d4d33","/img/09d.58ce9ff0.svg":"01bfa467aa187bfb36b47f956c94ca30a384b777dd62b40571138e68cc76ca9e","/img/10d.9fa0a802.svg":"95c63c92a361192738027432105b7babdeb4f5a17e8233fc3ad8d93ae15f522d","/img/09n.58ce9ff0.svg":"01bfa467aa187bfb36b47f956c94ca30a384b777dd62b40571138e68cc76ca9e","/img/09d.01806a5f.png":"bcd89b3e499ee628d4f44cec9613d1caaf1ae38f66c411ab3e39e783fb91f384","/img/11d.361c3b91.svg":"cdc12a8249e7905b720d9419d342de387ee063e87c9058384f655b73f361af67","/img/11n.59cb0429.svg":"ca1b8db45d94ab91e55b6e912e329ea0c17f42fcc141765f394cdc2ebb3068ae","/img/09n.01806a5f.png":"bcd89b3e499ee628d4f44cec9613d1caaf1ae38f66c411ab3e39e783fb91f384","/img/10n.7f37a4a6.svg":"a4a2463e3c75adb5e52adbc0ee65e593ccb7f8f7278a090434444f9eff82b072","/img/10n.24f732ea.png":"66e4e0ce61bf5461264091eba7164682110ad83ee55eb91d8bcb9a38f2f2e6a8","/img/13n.15106694.svg":"b709ffb8f2600f03eaa4ddaa6a948cb64b76f551a14e97efa22c7c2c99106521","/img/11n.bef440b4.png":"285285a1814bb0822c04de95b26d036ade2863f57feb289631642c0040fc9dba","/img/10d.a22279ee.png":"006cd3660342b24f41ded7e79a17d44e4280bf1fbe633ebb512a9a8443b306f8","/img/13d.6faeca9b.svg":"ceba84d5fd663d014a9ff2bd963cb49e548d78c7d5cba83bd9cd20156360413b","/img/50d.9873150d.svg":"2fc5e7888882fcd09c61cd934099627817a184b0adb4baf5187f542d2326247d","/img/50n.9873150d.svg":"2fc5e7888882fcd09c61cd934099627817a184b0adb4baf5187f542d2326247d","/favicon.ico":"86273c9627d364ad528d2c2dd0fa3b056878327f0f4c39565643cb88aa502d91","/img/11d.bef440b4.png":"285285a1814bb0822c04de95b26d036ade2863f57feb289631642c0040fc9dba","/img/tile000.1a202782.svg":"246880ec27d4212e87c82c01ff4d6539b70232489decc94f5b95422ecca13933","/img/tile003.018314d0.svg":"45eaebb7d8a32eba84d3b9c3c5f81168574ed1deaf874a15976a6f92925f3c8e","/img/tile000.b27578e4.png":"acadc656b98de7415c3f90ec4c4463b350697815aa6a7021b6de6306d5a30847","/img/tile002.e587fce3.png":"f1282d6527d62e0f88c5132d0ab8691b86a68675798523992736079b33cc4b0d","/img/tile009.72a43ca4.png":"4afd8c40f13812e79e0c0bd82368b3a2fbbf9d59154ba45e7de10d4cbd093a19","/img/tile003.be09a840.png":"202882fd9b4499f5971b5c83e39e4930edf127664d474359ca7d020cf25382ed","/img/tile006.4f9b0685.png":"0852d5868cfb135276c245aae2658d4536d79c5316f7c23cccd0d55c8799420d","/img/tile015.b63d0d3a.png":"7bc13d566cffbb2cc4f75de11ea8daa49e40d809e22756e408b50776aecf8026","/img/tile011.f8801921.svg":"ee9b27c1d899e635d6fefc735c7127073cd846a98317795bf878d4de5b2417b9","/img/tile011.a892f47d.png":"f70f4d8d058e35f50a9e3cae05c3d9d1fd1705d275b130d38c689bded90396b3","/img/tile012.448965c4.png":"958008abd19bb57249b698761ce3e61b5eca756953df54056ba42bbe5c676941","/img/13n.969c3d59.png":"4d8904fd06418b956c2d0e3554e4ed6f9230f56770562b8fc7bf28a691683235","/img/13d.969c3d59.png":"4d8904fd06418b956c2d0e3554e4ed6f9230f56770562b8fc7bf28a691683235","/img/tile015.bd524028.svg":"ee5f15fe0ea73799f6115903b7512899d1ac02aba4a23338b307b97044de3667","/img/tile015_old.de77a380.svg":"3726f2c46cbc9e86ada47335ee050535d996616df18c8827bf0c2e205a9714e6","/img/side-filled-color.cb2bb5bc.png":"fa3aabe388b51765e586cf8d9722eb7e7c5525e1e463a3fe90c248d5bbdb9d65","/img/tile020.3ceb5292.png":"15f434289f957217a2fa66ee377b3af51abcc05fd018634e09913ae556e72626","/img/tile017.b5857774.png":"056763133ac74cfac9afb05516390b4fa8f4cbc5fd5b7aedd04320333fc408e7","/img/tile018.0d4e703f.png":"cd8118c394345b1004ad2493796ce664a482b42c457dd90e2511ee9125ea9ef0","/img/tile022.10d2e5a6.svg":"5ff3fc31c4e9683d102cae6b907b3be9715158e7bfb8af1d96f441c185103f07","/img/tile021.9980b559.png":"53711f2b523703b276e7d238e84427042bcce5881e238b6586d48a9f75a029a9","/img/tile022.57da01a8.png":"f8c8f2f68bf745bca0d0bb3396b1c2f22d96357ceea0d53c92742308376c2f14","/img/tile023.1e91efcd.png":"444a24d5c7c189258483fbfbd687b07399c1ed63ee2cfe97ac337abd222a37dc","/img/tile024.d6e57dc4.png":"6cc7b7f1fe6ab1f835cde4091f44a7638b21bb862363e307b5ac9b39c2e24862","/img/tile016.5576a65b.png":"08a15b6018a3cd10aa255a7ac1593707f28310c0bc09c83e3378bac5f4728a3f","/css/chunk-vendors.55204a1e.css":"54cddd882f67c6719ea370c86a9e4af27d36e545bf3a1d347c6b722d34630029","/js/app.2ecd6b88.js.map":"c51da6f0b901aa64af760089df10ddea2475187aec1aafa16004837e1cad9a54","/js/chunk-vendors.90d6487a.js":"3511f12fb02af27d319465c4107af181da595aa4b4f9898c1e57f4ea7a565887","/js/chunk-vendors.90d6487a.js.map":"4101307ccabd726bd7b930cfc7d03cbf62489a1d44d3ab04a4aba6fd3c540e31","/js/app.2ecd6b88.js":"d2f165a9c4e117c106198d0b9fabdbb0af043fd2bc24ad339eaec0c8c2a8cf9a"}}
[debug] [2021-09-20T14:27:32.377Z] <<< [apiv2][status] POST https://firebasehosting.googleapis.com/v1beta1/sites/weather-forcast-vue/versions/9cb144271aaf2e53:populateFiles 200
[debug] [2021-09-20T14:27:32.377Z] <<< [apiv2][body] POST https://firebasehosting.googleapis.com/v1beta1/sites/weather-forcast-vue/versions/9cb144271aaf2e53:populateFiles {"uploadRequiredHashes":["605f98ceb91301e659fff62091f9418ba998edc7c66743c6c14c22a65d0de675"],"uploadUrl":"https://upload-firebasehosting.googleapis.com/upload/sites/weather-forcast-vue/versions/9cb144271aaf2e53/files"}
[debug] [2021-09-20T14:27:32.379Z] >>> [apiv2][query] POST https://upload-firebasehosting.googleapis.com/upload/sites/weather-forcast-vue/versions/9cb144271aaf2e53/files/605f98ceb91301e659fff62091f9418ba998edc7c66743c6c14c22a65d0de675 [none]
[debug] [2021-09-20T14:27:32.379Z] >>> [apiv2][body] POST https://upload-firebasehosting.googleapis.com/upload/sites/weather-forcast-vue/versions/9cb144271aaf2e53/files/605f98ceb91301e659fff62091f9418ba998edc7c66743c6c14c22a65d0de675 [stream]
[debug] [2021-09-20T14:27:32.381Z] [hosting][populate queue][FINAL] {"max":1636,"min":1636,"avg":1636,"active":0,"complete":1,"success":1,"errored":0,"retried":0,"total":1,"elapsed":1638}
[debug] [2021-09-20T14:27:32.381Z] [hosting] uploads queued: 1
[debug] [2021-09-20T14:27:33.970Z] <<< [apiv2][status] POST https://upload-firebasehosting.googleapis.com/upload/sites/weather-forcast-vue/versions/9cb144271aaf2e53/files/605f98ceb91301e659fff62091f9418ba998edc7c66743c6c14c22a65d0de675 200
[debug] [2021-09-20T14:27:33.970Z] <<< [apiv2][body] POST https://upload-firebasehosting.googleapis.com/upload/sites/weather-forcast-vue/versions/9cb144271aaf2e53/files/605f98ceb91301e659fff62091f9418ba998edc7c66743c6c14c22a65d0de675 [stream]
[debug] [2021-09-20T14:27:33.971Z] [hosting][upload queue][FINAL] {"max":1592,"min":1592,"avg":1592,"active":0,"complete":1,"success":1,"errored":0,"retried":0,"total":1,"elapsed":1593}
[info] ✔  hosting[weather-forcast-vue]: file upload complete 
[debug] [2021-09-20T14:27:33.972Z] [hosting] deploy completed after 4146ms
[debug] [2021-09-20T14:27:33.975Z] [
  {
    "config": {
      "public": "dist",
      "ignore": [
        "firebase.json",
        "**/.*",
        "**/node_modules/**"
      ],
      "rewrites": [
        {
          "source": "**",
          "destination": "/index.html"
        }
      ],
      "site": "weather-forcast-vue"
    },
    "site": "weather-forcast-vue",
    "version": "sites/weather-forcast-vue/versions/9cb144271aaf2e53"
  }
]
[info] i  hosting[weather-forcast-vue]: finalizing version... 
[debug] [2021-09-20T14:27:33.975Z] > refreshing access token with scopes: ["email","https://www.googleapis.com/auth/cloud-platform","https://www.googleapis.com/auth/cloudplatformprojects.readonly","https://www.googleapis.com/auth/firebase","openid"]
[debug] [2021-09-20T14:27:33.975Z] >>> HTTP REQUEST POST https://www.googleapis.com/oauth2/v3/token  
 <request body omitted>
[debug] [2021-09-20T14:27:34.132Z] <<< HTTP RESPONSE 200 {"cache-control":"no-cache, no-store, max-age=0, must-revalidate","date":"Mon, 20 Sep 2021 14:27:34 GMT","pragma":"no-cache","expires":"Mon, 01 Jan 1990 00:00:00 GMT","content-type":"application/json; charset=utf-8","vary":"X-Origin, Referer, Origin,Accept-Encoding","server":"scaffolding on HTTPServer2","x-xss-protection":"0","x-frame-options":"SAMEORIGIN","x-content-type-options":"nosniff","alt-svc":"h3=\":443\"; ma=2592000,h3-29=\":443\"; ma=2592000,h3-T051=\":443\"; ma=2592000,h3-Q050=\":443\"; ma=2592000,h3-Q046=\":443\"; ma=2592000,h3-Q043=\":443\"; ma=2592000,quic=\":443\"; ma=2592000; v=\"46,43\"","accept-ranges":"none","transfer-encoding":"chunked"}
[debug] [2021-09-20T14:27:34.176Z] >>> HTTP REQUEST PATCH https://firebasehosting.googleapis.com/v1beta1/sites/weather-forcast-vue/versions/9cb144271aaf2e53?updateMask=status  
 {"status":"FINALIZED"}
